# JRE version: OpenJDK Runtime Environment (11.0.7+10) (build 11.0.7+10-post-Ubuntu-2ubuntu218.04)
# Java VM: OpenJDK 64-Bit Server VM (11.0.7+10-post-Ubuntu-2ubuntu218.04, mixed mode, sharing, tiered, compressed oops, g1 gc, linux-amd64)
Heap:
 garbage-first heap   total 169984K, used 70284K [0x0000000084c00000, 0x0000000100000000)
  region size 1024K, 63 young (64512K), 5 survivors (5120K)
 Metaspace       used 20259K, capacity 21146K, committed 21248K, reserved 1067008K
  class space    used 2688K, capacity 3070K, committed 3072K, reserved 1048576K
GC Heap History (12 events):
Event: 1,085 GC heap before
{Heap before GC invocations=0 (full 0):
 garbage-first heap   total 129024K, used 16068K [0x0000000084c00000, 0x0000000100000000)
  region size 1024K, 14 young (14336K), 0 survivors (0K)
 Metaspace       used 3622K, capacity 4968K, committed 5248K, reserved 1056768K
  class space    used 460K, capacity 533K, committed 640K, reserved 1048576K
}
Event: 1,102 GC heap after
{Heap after GC invocations=1 (full 0):
 garbage-first heap   total 129024K, used 6758K [0x0000000084c00000, 0x0000000100000000)
  region size 1024K, 2 young (2048K), 2 survivors (2048K)
 Metaspace       used 3622K, capacity 4968K, committed 5248K, reserved 1056768K
  class space    used 460K, capacity 533K, committed 640K, reserved 1048576K
}
Event: 1,306 GC heap before
{Heap before GC invocations=1 (full 0):
 garbage-first heap   total 129024K, used 13926K [0x0000000084c00000, 0x0000000100000000)
  region size 1024K, 9 young (9216K), 2 survivors (2048K)
 Metaspace       used 5579K, capacity 5899K, committed 6144K, reserved 1056768K
  class space    used 675K, capacity 762K, committed 768K, reserved 1048576K
}
Event: 1,319 GC heap after
{Heap after GC invocations=2 (full 0):
 garbage-first heap   total 129024K, used 7736K [0x0000000084c00000, 0x0000000100000000)
  region size 1024K, 1 young (1024K), 1 survivors (1024K)
 Metaspace       used 5579K, capacity 5899K, committed 6144K, reserved 1056768K
  class space    used 675K, capacity 762K, committed 768K, reserved 1048576K
}
Event: 1,508 GC heap before
{Heap before GC invocations=2 (full 0):
 garbage-first heap   total 129024K, used 29240K [0x0000000084c00000, 0x0000000100000000)
  region size 1024K, 23 young (23552K), 1 survivors (1024K)
 Metaspace       used 6798K, capacity 7185K, committed 7424K, reserved 1056768K
  class space    used 822K, capacity 954K, committed 1024K, reserved 1048576K
}
Event: 1,513 GC heap after
{Heap after GC invocations=3 (full 0):
 garbage-first heap   total 129024K, used 8228K [0x0000000084c00000, 0x0000000100000000)
  region size 1024K, 2 young (2048K), 2 survivors (2048K)
 Metaspace       used 6798K, capacity 7185K, committed 7424K, reserved 1056768K
  class space    used 822K, capacity 954K, committed 1024K, reserved 1048576K
}
Event: 1,662 GC heap before
{Heap before GC invocations=3 (full 0):
 garbage-first heap   total 129024K, used 40996K [0x0000000084c00000, 0x0000000100000000)
  region size 1024K, 35 young (35840K), 2 survivors (2048K)
 Metaspace       used 7417K, capacity 7831K, committed 8064K, reserved 1056768K
  class space    used 927K, capacity 1064K, committed 1152K, reserved 1048576K
}
Event: 1,683 GC heap after
{Heap after GC invocations=4 (full 0):
 garbage-first heap   total 129024K, used 8378K [0x0000000084c00000, 0x0000000100000000)
  region size 1024K, 2 young (2048K), 2 survivors (2048K)
 Metaspace       used 7417K, capacity 7831K, committed 8064K, reserved 1056768K
  class space    used 927K, capacity 1064K, committed 1152K, reserved 1048576K
}
Event: 2,872 GC heap before
{Heap before GC invocations=4 (full 0):
 garbage-first heap   total 129024K, used 67770K [0x0000000084c00000, 0x0000000100000000)
  region size 1024K, 61 young (62464K), 2 survivors (2048K)
 Metaspace       used 15414K, capacity 16144K, committed 16512K, reserved 1062912K
  class space    used 2028K, capacity 2311K, committed 2432K, reserved 1048576K
}
Event: 2,888 GC heap after
{Heap after GC invocations=5 (full 0):
 garbage-first heap   total 169984K, used 10530K [0x0000000084c00000, 0x0000000100000000)
  region size 1024K, 4 young (4096K), 4 survivors (4096K)
 Metaspace       used 15414K, capacity 16144K, committed 16512K, reserved 1062912K
  class space    used 2028K, capacity 2311K, committed 2432K, reserved 1048576K
}
Event: 3,306 GC heap before
{Heap before GC invocations=5 (full 0):
 garbage-first heap   total 169984K, used 94498K [0x0000000084c00000, 0x0000000100000000)
  region size 1024K, 87 young (89088K), 4 survivors (4096K)
 Metaspace       used 17187K, capacity 18066K, committed 18304K, reserved 1064960K
  class space    used 2250K, capacity 2626K, committed 2688K, reserved 1048576K
}
Event: 3,313 GC heap after
{Heap after GC invocations=6 (full 0):
 garbage-first heap   total 169984K, used 11916K [0x0000000084c00000, 0x0000000100000000)
  region size 1024K, 5 young (5120K), 5 survivors (5120K)
 Metaspace       used 17187K, capacity 18066K, committed 18304K, reserved 1064960K
  class space    used 2250K, capacity 2626K, committed 2688K, reserved 1048576K
}

